2025-05-10 21:03:10,614 - INFO - Script started from directory: C:\Programming\Projects\automation\email notfication crypto
2025-05-10 21:03:10,616 - INFO - Python executable: C:\Users\User\AppData\Local\Programs\Python\Python313\python.exe
2025-05-10 21:03:10,617 - INFO - Python version: 3.13.2 (tags/v3.13.2:4f8bb39, Feb  4 2025, 15:23:48) [MSC v.1942 64 bit (AMD64)]
2025-05-10 21:03:10,617 - INFO - Looking for .env file at: C:\Programming\Projects\automation\email notfication crypto\.env
2025-05-10 21:03:10,654 - INFO - Environment variables loaded
2025-05-10 21:03:10,654 - INFO - All required environment variables are present
2025-05-10 21:03:10,655 - INFO - News API client initialized successfully
2025-05-10 21:03:10,655 - INFO - Starting Crypto News Automation...
2025-05-10 21:03:10,656 - INFO - Report scheduled for 10:00 AM daily
2025-05-10 21:03:10,656 - INFO - Running initial report...
2025-05-10 21:03:10,656 - INFO - Generating daily report...
2025-05-10 21:03:10,656 - INFO - Fetching crypto news...
2025-05-10 21:03:10,667 - DEBUG - Starting new HTTPS connection (1): newsapi.org:443
2025-05-10 21:03:11,990 - DEBUG - https://newsapi.org:443 "GET /v2/everything?q=cryptocurrency+OR+bitcoin+OR+ethereum&language=en&sortBy=publishedAt&pageSize=10 HTTP/1.1" 200 None
2025-05-10 21:03:12,003 - INFO - Retrieved 10 crypto news articles
2025-05-10 21:03:12,004 - INFO - Fetching political news...
2025-05-10 21:03:12,010 - DEBUG - Starting new HTTPS connection (1): newsapi.org:443
2025-05-10 21:03:15,164 - DEBUG - https://newsapi.org:443 "GET /v2/everything?q=%28regulation+OR+policy+OR+government%29+AND+%28cryptocurrency+OR+bitcoin+OR+crypto%29&language=en&sortBy=publishedAt&pageSize=5 HTTP/1.1" 200 None
2025-05-10 21:03:15,186 - INFO - Retrieved 5 political news articles
2025-05-10 21:03:15,186 - INFO - Fetching market summary...
2025-05-10 21:03:15,194 - DEBUG - Starting new HTTPS connection (1): api.coingecko.com:443
2025-05-10 21:03:17,686 - DEBUG - https://api.coingecko.com:443 "GET /api/v3/simple/price?ids=bitcoin,ethereum,binancecoin,solana&vs_currencies=usd&include_24hr_change=true HTTP/1.1" 200 None
2025-05-10 21:03:17,692 - INFO - Market summary retrieved
2025-05-10 21:03:17,692 - INFO - Formatting email content...
2025-05-10 21:03:17,693 - INFO - Email content formatted, attempting to send...
2025-05-10 21:03:17,693 - INFO - Preparing to send email...
2025-05-10 21:03:17,694 - INFO - Email prepared for: baselwalid444@gmail.com
2025-05-10 21:03:17,696 - INFO - Attempting to connect to SMTP server...
2025-05-10 21:03:18,005 - INFO - Connected to SMTP server, attempting login...
2025-05-10 21:03:18,214 - INFO - Login successful, sending email...
2025-05-10 21:03:19,066 - INFO - Email sent successfully!
2025-05-10 21:03:19,066 - INFO - Daily report generated and sent successfully
2025-05-10 21:03:19,066 - INFO - Entering main scheduling loop...
